2025-12-25 10:14:12,104 - INFO - Arguments: {'train_data': 'data/train_100k.jsonl', 'val_data': 'data/valid.jsonl', 'test_data': 'data/test.jsonl', 'tokenizer_name': 'utrobinmv/t5_translate_en_ru_zh_small_1024', 'tokenizer_mode': 'filtered', 'filtered_vocab_dir': 'filtered_vocab', 'model': 'transformer', 'attention': 'additive', 'emb': 512, 'hidden': 512, 'heads': 4, 'layers': 6, 'dropout': 0.25, 'pos_embedding': 'absolute', 'norm_type': 'layernorm', 'max_pos_len': 512, 'relative_num_buckets': 32, 'relative_max_distance': 128, 'batch_size': 128, 'epochs': 100, 'lr': 0.0001, 'wd': 0.0001, 'optimizer': 'AdamW', 'output': 'runs', 'rnn_training_mode': 'teacher_forcing', 'decode_strategy': 'beam', 'beam_size': 4, 'patience': 3}
2025-12-25 10:14:12,105 - INFO - ================================================================================
2025-12-25 10:14:12,105 - INFO - Starting training
2025-12-25 10:14:12,105 - INFO - Model type: transformer
2025-12-25 10:14:12,105 - INFO - Batch size: 128
2025-12-25 10:14:12,105 - INFO - Learning rate: 0.0001
2025-12-25 10:14:12,105 - INFO - Weight decay: 0.0001
2025-12-25 10:14:12,105 - INFO - Epochs: 100
2025-12-25 10:14:12,105 - INFO - ================================================================================
2025-12-25 10:15:44,305 - INFO - Epoch 1/100: Computing validation loss and metrics...
2025-12-25 10:35:17,689 - INFO - Using default tokenizer.
2025-12-25 10:35:19,196 - INFO - Epoch 1/100:
2025-12-25 10:35:19,197 - INFO -   Train loss: 5.6516
2025-12-25 10:35:19,197 - INFO -   Validation loss: 5.5436
2025-12-25 10:35:19,197 - INFO -   BLEU: 0.0100
2025-12-25 10:35:19,197 - INFO -   METEOR: 0.0720
2025-12-25 10:35:19,198 - INFO -   ROUGE-1: 0.1514
2025-12-25 10:35:19,198 - INFO -   ROUGE-2: 0.0140
2025-12-25 10:35:19,198 - INFO -   ROUGE-L: 0.1228
2025-12-25 10:35:19,925 - INFO -   -> Best model saved (BLEU: 0.0100)
2025-12-25 10:36:50,830 - INFO - Epoch 2/100: Computing validation loss and metrics...
2025-12-25 10:55:13,577 - INFO - Using default tokenizer.
2025-12-25 10:55:14,245 - INFO - Epoch 2/100:
2025-12-25 10:55:14,245 - INFO -   Train loss: 4.5525
2025-12-25 10:55:14,245 - INFO -   Validation loss: 5.0445
2025-12-25 10:55:14,245 - INFO -   BLEU: 0.0143
2025-12-25 10:55:14,246 - INFO -   METEOR: 0.0952
2025-12-25 10:55:14,246 - INFO -   ROUGE-1: 0.1937
2025-12-25 10:55:14,246 - INFO -   ROUGE-2: 0.0296
2025-12-25 10:55:14,246 - INFO -   ROUGE-L: 0.1591
2025-12-25 10:55:14,980 - INFO -   -> Best model saved (BLEU: 0.0143)
2025-12-25 10:56:46,072 - INFO - Epoch 3/100: Computing validation loss and metrics...
2025-12-25 11:15:49,983 - INFO - Using default tokenizer.
2025-12-25 11:15:51,254 - INFO - Epoch 3/100:
2025-12-25 11:15:51,255 - INFO -   Train loss: 3.9397
2025-12-25 11:15:51,256 - INFO -   Validation loss: 4.6282
2025-12-25 11:15:51,256 - INFO -   BLEU: 0.0225
2025-12-25 11:15:51,256 - INFO -   METEOR: 0.1394
2025-12-25 11:15:51,256 - INFO -   ROUGE-1: 0.2735
2025-12-25 11:15:51,256 - INFO -   ROUGE-2: 0.0649
2025-12-25 11:15:51,256 - INFO -   ROUGE-L: 0.2237
2025-12-25 11:15:52,007 - INFO -   -> Best model saved (BLEU: 0.0225)
2025-12-25 11:17:23,113 - INFO - Epoch 4/100: Computing validation loss and metrics...
2025-12-25 11:36:19,377 - INFO - Using default tokenizer.
2025-12-25 11:36:20,015 - INFO - Epoch 4/100:
2025-12-25 11:36:20,016 - INFO -   Train loss: 3.4842
2025-12-25 11:36:20,016 - INFO -   Validation loss: 4.3267
2025-12-25 11:36:20,017 - INFO -   BLEU: 0.0308
2025-12-25 11:36:20,017 - INFO -   METEOR: 0.1651
2025-12-25 11:36:20,017 - INFO -   ROUGE-1: 0.3108
2025-12-25 11:36:20,017 - INFO -   ROUGE-2: 0.0867
2025-12-25 11:36:20,017 - INFO -   ROUGE-L: 0.2540
2025-12-25 11:36:20,776 - INFO -   -> Best model saved (BLEU: 0.0308)
2025-12-25 11:37:52,152 - INFO - Epoch 5/100: Computing validation loss and metrics...
2025-12-25 11:56:25,369 - INFO - Using default tokenizer.
2025-12-25 11:56:26,030 - INFO - Epoch 5/100:
2025-12-25 11:56:26,031 - INFO -   Train loss: 3.1163
2025-12-25 11:56:26,031 - INFO -   Validation loss: 4.0473
2025-12-25 11:56:26,031 - INFO -   BLEU: 0.0397
2025-12-25 11:56:26,031 - INFO -   METEOR: 0.1946
2025-12-25 11:56:26,031 - INFO -   ROUGE-1: 0.3481
2025-12-25 11:56:26,032 - INFO -   ROUGE-2: 0.1066
2025-12-25 11:56:26,032 - INFO -   ROUGE-L: 0.2871
2025-12-25 11:56:26,793 - INFO -   -> Best model saved (BLEU: 0.0397)
2025-12-25 11:57:58,076 - INFO - Epoch 6/100: Computing validation loss and metrics...
2025-12-25 12:16:00,686 - INFO - Using default tokenizer.
2025-12-25 12:16:01,342 - INFO - Epoch 6/100:
2025-12-25 12:16:01,342 - INFO -   Train loss: 2.8183
2025-12-25 12:16:01,342 - INFO -   Validation loss: 3.8714
2025-12-25 12:16:01,343 - INFO -   BLEU: 0.0450
2025-12-25 12:16:01,343 - INFO -   METEOR: 0.2130
2025-12-25 12:16:01,343 - INFO -   ROUGE-1: 0.3645
2025-12-25 12:16:01,343 - INFO -   ROUGE-2: 0.1217
2025-12-25 12:16:01,343 - INFO -   ROUGE-L: 0.3032
2025-12-25 12:16:02,121 - INFO -   -> Best model saved (BLEU: 0.0450)
2025-12-25 12:17:33,309 - INFO - Epoch 7/100: Computing validation loss and metrics...
2025-12-25 12:36:40,692 - INFO - Using default tokenizer.
2025-12-25 12:36:41,333 - INFO - Epoch 7/100:
2025-12-25 12:36:41,333 - INFO -   Train loss: 2.5818
2025-12-25 12:36:41,333 - INFO -   Validation loss: 3.7032
2025-12-25 12:36:41,334 - INFO -   BLEU: 0.0511
2025-12-25 12:36:41,334 - INFO -   METEOR: 0.2300
2025-12-25 12:36:41,334 - INFO -   ROUGE-1: 0.3890
2025-12-25 12:36:41,334 - INFO -   ROUGE-2: 0.1340
2025-12-25 12:36:41,334 - INFO -   ROUGE-L: 0.3214
2025-12-25 12:36:42,102 - INFO -   -> Best model saved (BLEU: 0.0511)
2025-12-25 12:38:13,449 - INFO - Epoch 8/100: Computing validation loss and metrics...
2025-12-25 12:54:00,781 - INFO - Using default tokenizer.
2025-12-25 12:54:01,365 - INFO - Epoch 8/100:
2025-12-25 12:54:01,366 - INFO -   Train loss: 2.3920
2025-12-25 12:54:01,366 - INFO -   Validation loss: 3.6299
2025-12-25 12:54:01,366 - INFO -   BLEU: 0.0510
2025-12-25 12:54:01,367 - INFO -   METEOR: 0.2214
2025-12-25 12:54:01,367 - INFO -   ROUGE-1: 0.3873
2025-12-25 12:54:01,367 - INFO -   ROUGE-2: 0.1406
2025-12-25 12:54:01,367 - INFO -   ROUGE-L: 0.3261
2025-12-25 12:54:01,367 - INFO -   -> No improvement in BLEU for 1 epoch(s)
2025-12-25 12:55:32,602 - INFO - Epoch 9/100: Computing validation loss and metrics...
2025-12-25 13:12:21,574 - INFO - Using default tokenizer.
2025-12-25 13:12:22,160 - INFO - Epoch 9/100:
2025-12-25 13:12:22,161 - INFO -   Train loss: 2.2358
2025-12-25 13:12:22,161 - INFO -   Validation loss: 3.5583
2025-12-25 13:12:22,161 - INFO -   BLEU: 0.0592
2025-12-25 13:12:22,162 - INFO -   METEOR: 0.2412
2025-12-25 13:12:22,162 - INFO -   ROUGE-1: 0.4042
2025-12-25 13:12:22,162 - INFO -   ROUGE-2: 0.1523
2025-12-25 13:12:22,162 - INFO -   ROUGE-L: 0.3436
2025-12-25 13:12:22,942 - INFO -   -> Best model saved (BLEU: 0.0592)
2025-12-25 13:13:54,430 - INFO - Epoch 10/100: Computing validation loss and metrics...
2025-12-25 13:30:31,685 - INFO - Using default tokenizer.
2025-12-25 13:30:32,281 - INFO - Epoch 10/100:
2025-12-25 13:30:32,282 - INFO -   Train loss: 2.1060
2025-12-25 13:30:32,282 - INFO -   Validation loss: 3.4970
2025-12-25 13:30:32,282 - INFO -   BLEU: 0.0643
2025-12-25 13:30:32,282 - INFO -   METEOR: 0.2515
2025-12-25 13:30:32,282 - INFO -   ROUGE-1: 0.4201
2025-12-25 13:30:32,282 - INFO -   ROUGE-2: 0.1638
2025-12-25 13:30:32,282 - INFO -   ROUGE-L: 0.3563
2025-12-25 13:30:33,061 - INFO -   -> Best model saved (BLEU: 0.0643)
2025-12-25 13:32:05,009 - INFO - Epoch 11/100: Computing validation loss and metrics...
2025-12-25 13:48:12,187 - INFO - Using default tokenizer.
2025-12-25 13:48:12,778 - INFO - Epoch 11/100:
2025-12-25 13:48:12,779 - INFO -   Train loss: 1.9931
2025-12-25 13:48:12,779 - INFO -   Validation loss: 3.4657
2025-12-25 13:48:12,779 - INFO -   BLEU: 0.0636
2025-12-25 13:48:12,779 - INFO -   METEOR: 0.2554
2025-12-25 13:48:12,779 - INFO -   ROUGE-1: 0.4210
2025-12-25 13:48:12,779 - INFO -   ROUGE-2: 0.1702
2025-12-25 13:48:12,780 - INFO -   ROUGE-L: 0.3595
2025-12-25 13:48:12,780 - INFO -   -> No improvement in BLEU for 1 epoch(s)
2025-12-25 13:49:44,347 - INFO - Epoch 12/100: Computing validation loss and metrics...
2025-12-25 14:06:35,083 - INFO - Using default tokenizer.
2025-12-25 14:06:35,678 - INFO - Epoch 12/100:
2025-12-25 14:06:35,679 - INFO -   Train loss: 1.8924
2025-12-25 14:06:35,679 - INFO -   Validation loss: 3.4343
2025-12-25 14:06:35,679 - INFO -   BLEU: 0.0665
2025-12-25 14:06:35,679 - INFO -   METEOR: 0.2672
2025-12-25 14:06:35,679 - INFO -   ROUGE-1: 0.4254
2025-12-25 14:06:35,679 - INFO -   ROUGE-2: 0.1677
2025-12-25 14:06:35,680 - INFO -   ROUGE-L: 0.3633
2025-12-25 14:06:36,468 - INFO -   -> Best model saved (BLEU: 0.0665)
2025-12-25 14:08:07,931 - INFO - Epoch 13/100: Computing validation loss and metrics...
2025-12-25 14:25:07,289 - INFO - Using default tokenizer.
2025-12-25 14:25:07,881 - INFO - Epoch 13/100:
2025-12-25 14:25:07,881 - INFO -   Train loss: 1.8022
2025-12-25 14:25:07,882 - INFO -   Validation loss: 3.4169
2025-12-25 14:25:07,882 - INFO -   BLEU: 0.0682
2025-12-25 14:25:07,882 - INFO -   METEOR: 0.2614
2025-12-25 14:25:07,882 - INFO -   ROUGE-1: 0.4272
2025-12-25 14:25:07,882 - INFO -   ROUGE-2: 0.1730
2025-12-25 14:25:07,882 - INFO -   ROUGE-L: 0.3629
2025-12-25 14:25:08,620 - INFO -   -> Best model saved (BLEU: 0.0682)
2025-12-25 14:26:39,948 - INFO - Epoch 14/100: Computing validation loss and metrics...
2025-12-25 14:44:14,289 - INFO - Using default tokenizer.
2025-12-25 14:44:14,888 - INFO - Epoch 14/100:
2025-12-25 14:44:14,888 - INFO -   Train loss: 1.7199
2025-12-25 14:44:14,888 - INFO -   Validation loss: 3.4125
2025-12-25 14:44:14,888 - INFO -   BLEU: 0.0726
2025-12-25 14:44:14,888 - INFO -   METEOR: 0.2729
2025-12-25 14:44:14,889 - INFO -   ROUGE-1: 0.4365
2025-12-25 14:44:14,889 - INFO -   ROUGE-2: 0.1730
2025-12-25 14:44:14,889 - INFO -   ROUGE-L: 0.3693
2025-12-25 14:44:15,637 - INFO -   -> Best model saved (BLEU: 0.0726)
2025-12-25 14:45:47,288 - INFO - Epoch 15/100: Computing validation loss and metrics...
2025-12-25 15:02:45,091 - INFO - Using default tokenizer.
2025-12-25 15:02:45,666 - INFO - Epoch 15/100:
2025-12-25 15:02:45,666 - INFO -   Train loss: 1.6443
2025-12-25 15:02:45,666 - INFO -   Validation loss: 3.4423
2025-12-25 15:02:45,666 - INFO -   BLEU: 0.0678
2025-12-25 15:02:45,667 - INFO -   METEOR: 0.2612
2025-12-25 15:02:45,667 - INFO -   ROUGE-1: 0.4260
2025-12-25 15:02:45,667 - INFO -   ROUGE-2: 0.1697
2025-12-25 15:02:45,667 - INFO -   ROUGE-L: 0.3616
2025-12-25 15:02:45,667 - INFO -   -> No improvement in BLEU for 1 epoch(s)
2025-12-25 15:04:16,845 - INFO - Epoch 16/100: Computing validation loss and metrics...
2025-12-25 15:21:17,976 - INFO - Using default tokenizer.
2025-12-25 15:21:18,565 - INFO - Epoch 16/100:
2025-12-25 15:21:18,565 - INFO -   Train loss: 1.5735
2025-12-25 15:21:18,566 - INFO -   Validation loss: 3.4207
2025-12-25 15:21:18,566 - INFO -   BLEU: 0.0709
2025-12-25 15:21:18,566 - INFO -   METEOR: 0.2726
2025-12-25 15:21:18,566 - INFO -   ROUGE-1: 0.4340
2025-12-25 15:21:18,566 - INFO -   ROUGE-2: 0.1745
2025-12-25 15:21:18,566 - INFO -   ROUGE-L: 0.3713
2025-12-25 15:21:18,566 - INFO -   -> No improvement in BLEU for 2 epoch(s)
2025-12-25 15:22:49,475 - INFO - Epoch 17/100: Computing validation loss and metrics...
2025-12-25 15:39:48,895 - INFO - Using default tokenizer.
2025-12-25 15:39:49,476 - INFO - Epoch 17/100:
2025-12-25 15:39:49,476 - INFO -   Train loss: 1.5069
2025-12-25 15:39:49,476 - INFO -   Validation loss: 3.4439
2025-12-25 15:39:49,477 - INFO -   BLEU: 0.0686
2025-12-25 15:39:49,477 - INFO -   METEOR: 0.2733
2025-12-25 15:39:49,477 - INFO -   ROUGE-1: 0.4354
2025-12-25 15:39:49,477 - INFO -   ROUGE-2: 0.1770
2025-12-25 15:39:49,477 - INFO -   ROUGE-L: 0.3714
2025-12-25 15:39:49,477 - INFO -   -> No improvement in BLEU for 3 epoch(s)
2025-12-25 15:39:49,477 - INFO -   -> Learning rate reduced from 0.0001 to 5e-05 due to plateau
2025-12-25 15:41:20,951 - INFO - Epoch 18/100: Computing validation loss and metrics...
2025-12-25 15:57:47,479 - INFO - Using default tokenizer.
2025-12-25 15:57:48,064 - INFO - Epoch 18/100:
2025-12-25 15:57:48,064 - INFO -   Train loss: 1.3768
2025-12-25 15:57:48,065 - INFO -   Validation loss: 3.4390
2025-12-25 15:57:48,065 - INFO -   BLEU: 0.0745
2025-12-25 15:57:48,065 - INFO -   METEOR: 0.2783
2025-12-25 15:57:48,065 - INFO -   ROUGE-1: 0.4409
2025-12-25 15:57:48,065 - INFO -   ROUGE-2: 0.1827
2025-12-25 15:57:48,065 - INFO -   ROUGE-L: 0.3761
2025-12-25 15:57:48,806 - INFO -   -> Best model saved (BLEU: 0.0745)
2025-12-25 15:59:19,925 - INFO - Epoch 19/100: Computing validation loss and metrics...
2025-12-25 16:16:10,787 - INFO - Using default tokenizer.
2025-12-25 16:16:11,374 - INFO - Epoch 19/100:
2025-12-25 16:16:11,375 - INFO -   Train loss: 1.3274
2025-12-25 16:16:11,375 - INFO -   Validation loss: 3.4395
2025-12-25 16:16:11,375 - INFO -   BLEU: 0.0756
2025-12-25 16:16:11,375 - INFO -   METEOR: 0.2787
2025-12-25 16:16:11,375 - INFO -   ROUGE-1: 0.4408
2025-12-25 16:16:11,376 - INFO -   ROUGE-2: 0.1808
2025-12-25 16:16:11,376 - INFO -   ROUGE-L: 0.3758
2025-12-25 16:16:12,119 - INFO -   -> Best model saved (BLEU: 0.0756)
2025-12-25 16:17:43,423 - INFO - Epoch 20/100: Computing validation loss and metrics...
2025-12-25 16:35:02,974 - INFO - Using default tokenizer.
2025-12-25 16:35:03,569 - INFO - Epoch 20/100:
2025-12-25 16:35:03,569 - INFO -   Train loss: 1.2898
2025-12-25 16:35:03,569 - INFO -   Validation loss: 3.4696
2025-12-25 16:35:03,569 - INFO -   BLEU: 0.0780
2025-12-25 16:35:03,569 - INFO -   METEOR: 0.2799
2025-12-25 16:35:03,570 - INFO -   ROUGE-1: 0.4432
2025-12-25 16:35:03,570 - INFO -   ROUGE-2: 0.1840
2025-12-25 16:35:03,570 - INFO -   ROUGE-L: 0.3796
2025-12-25 16:35:04,318 - INFO -   -> Best model saved (BLEU: 0.0780)
2025-12-25 16:36:35,740 - INFO - Epoch 21/100: Computing validation loss and metrics...
2025-12-25 16:57:00,570 - INFO - Using default tokenizer.
2025-12-25 16:57:01,138 - INFO - Epoch 21/100:
2025-12-25 16:57:01,138 - INFO -   Train loss: 1.2547
2025-12-25 16:57:01,138 - INFO -   Validation loss: 3.5007
2025-12-25 16:57:01,138 - INFO -   BLEU: 0.0767
2025-12-25 16:57:01,139 - INFO -   METEOR: 0.2789
2025-12-25 16:57:01,139 - INFO -   ROUGE-1: 0.4398
2025-12-25 16:57:01,139 - INFO -   ROUGE-2: 0.1858
2025-12-25 16:57:01,139 - INFO -   ROUGE-L: 0.3786
2025-12-25 16:57:01,139 - INFO -   -> No improvement in BLEU for 1 epoch(s)
2025-12-25 16:58:32,981 - INFO - Epoch 22/100: Computing validation loss and metrics...
2025-12-25 17:19:03,677 - INFO - Using default tokenizer.
2025-12-25 17:19:04,270 - INFO - Epoch 22/100:
2025-12-25 17:19:04,271 - INFO -   Train loss: 1.2224
2025-12-25 17:19:04,271 - INFO -   Validation loss: 3.5116
2025-12-25 17:19:04,271 - INFO -   BLEU: 0.0781
2025-12-25 17:19:04,271 - INFO -   METEOR: 0.2855
2025-12-25 17:19:04,272 - INFO -   ROUGE-1: 0.4407
2025-12-25 17:19:04,272 - INFO -   ROUGE-2: 0.1847
2025-12-25 17:19:04,272 - INFO -   ROUGE-L: 0.3794
2025-12-25 17:19:05,016 - INFO -   -> Best model saved (BLEU: 0.0781)
2025-12-25 17:20:36,696 - INFO - Epoch 23/100: Computing validation loss and metrics...
2025-12-25 17:40:58,079 - INFO - Using default tokenizer.
2025-12-25 17:40:58,670 - INFO - Epoch 23/100:
2025-12-25 17:40:58,670 - INFO -   Train loss: 1.1907
2025-12-25 17:40:58,670 - INFO -   Validation loss: 3.5357
2025-12-25 17:40:58,671 - INFO -   BLEU: 0.0746
2025-12-25 17:40:58,671 - INFO -   METEOR: 0.2818
2025-12-25 17:40:58,671 - INFO -   ROUGE-1: 0.4414
2025-12-25 17:40:58,671 - INFO -   ROUGE-2: 0.1804
2025-12-25 17:40:58,671 - INFO -   ROUGE-L: 0.3771
2025-12-25 17:40:58,671 - INFO -   -> No improvement in BLEU for 1 epoch(s)
2025-12-25 17:42:30,462 - INFO - Epoch 24/100: Computing validation loss and metrics...
2025-12-25 18:01:39,399 - INFO - Using default tokenizer.
2025-12-25 18:01:40,069 - INFO - Epoch 24/100:
2025-12-25 18:01:40,069 - INFO -   Train loss: 1.1599
2025-12-25 18:01:40,069 - INFO -   Validation loss: 3.5570
2025-12-25 18:01:40,070 - INFO -   BLEU: 0.0793
2025-12-25 18:01:40,070 - INFO -   METEOR: 0.2883
2025-12-25 18:01:40,070 - INFO -   ROUGE-1: 0.4480
2025-12-25 18:01:40,070 - INFO -   ROUGE-2: 0.1824
2025-12-25 18:01:40,070 - INFO -   ROUGE-L: 0.3817
2025-12-25 18:01:40,836 - INFO -   -> Best model saved (BLEU: 0.0793)
2025-12-25 18:03:11,904 - INFO - Epoch 25/100: Computing validation loss and metrics...
2025-12-25 18:20:38,869 - INFO - Using default tokenizer.
2025-12-25 18:20:39,466 - INFO - Epoch 25/100:
2025-12-25 18:20:39,466 - INFO -   Train loss: 1.1320
2025-12-25 18:20:39,466 - INFO -   Validation loss: 3.5913
2025-12-25 18:20:39,466 - INFO -   BLEU: 0.0741
2025-12-25 18:20:39,467 - INFO -   METEOR: 0.2807
2025-12-25 18:20:39,467 - INFO -   ROUGE-1: 0.4402
2025-12-25 18:20:39,467 - INFO -   ROUGE-2: 0.1767
2025-12-25 18:20:39,467 - INFO -   ROUGE-L: 0.3749
2025-12-25 18:20:39,467 - INFO -   -> No improvement in BLEU for 1 epoch(s)
2025-12-25 18:22:10,751 - INFO - Epoch 26/100: Computing validation loss and metrics...
2025-12-25 18:38:54,683 - INFO - Using default tokenizer.
2025-12-25 18:38:55,266 - INFO - Epoch 26/100:
2025-12-25 18:38:55,266 - INFO -   Train loss: 1.1039
2025-12-25 18:38:55,267 - INFO -   Validation loss: 3.6320
2025-12-25 18:38:55,267 - INFO -   BLEU: 0.0754
2025-12-25 18:38:55,267 - INFO -   METEOR: 0.2789
2025-12-25 18:38:55,267 - INFO -   ROUGE-1: 0.4352
2025-12-25 18:38:55,267 - INFO -   ROUGE-2: 0.1784
2025-12-25 18:38:55,267 - INFO -   ROUGE-L: 0.3720
2025-12-25 18:38:55,268 - INFO -   -> No improvement in BLEU for 2 epoch(s)
2025-12-25 18:40:26,366 - INFO - Epoch 27/100: Computing validation loss and metrics...
2025-12-25 18:57:40,079 - INFO - Using default tokenizer.
2025-12-25 18:57:40,651 - INFO - Epoch 27/100:
2025-12-25 18:57:40,652 - INFO -   Train loss: 1.0758
2025-12-25 18:57:40,652 - INFO -   Validation loss: 3.6396
2025-12-25 18:57:40,652 - INFO -   BLEU: 0.0792
2025-12-25 18:57:40,652 - INFO -   METEOR: 0.2860
2025-12-25 18:57:40,652 - INFO -   ROUGE-1: 0.4463
2025-12-25 18:57:40,652 - INFO -   ROUGE-2: 0.1859
2025-12-25 18:57:40,652 - INFO -   ROUGE-L: 0.3815
2025-12-25 18:57:40,653 - INFO -   -> No improvement in BLEU for 3 epoch(s)
2025-12-25 18:57:40,653 - INFO -   -> Learning rate reduced from 5e-05 to 2.5e-05 due to plateau
2025-12-25 18:59:11,962 - INFO - Epoch 28/100: Computing validation loss and metrics...
2025-12-25 19:16:06,581 - INFO - Using default tokenizer.
2025-12-25 19:16:07,186 - INFO - Epoch 28/100:
2025-12-25 19:16:07,187 - INFO -   Train loss: 1.0143
2025-12-25 19:16:07,187 - INFO -   Validation loss: 3.6588
2025-12-25 19:16:07,187 - INFO -   BLEU: 0.0738
2025-12-25 19:16:07,187 - INFO -   METEOR: 0.2793
2025-12-25 19:16:07,187 - INFO -   ROUGE-1: 0.4396
2025-12-25 19:16:07,187 - INFO -   ROUGE-2: 0.1780
2025-12-25 19:16:07,188 - INFO -   ROUGE-L: 0.3737
2025-12-25 19:16:07,188 - INFO -   -> No improvement in BLEU for 1 epoch(s)
2025-12-25 19:17:39,204 - INFO - Epoch 29/100: Computing validation loss and metrics...
2025-12-25 19:36:49,067 - INFO - Using default tokenizer.
2025-12-25 19:36:49,646 - INFO - Epoch 29/100:
2025-12-25 19:36:49,646 - INFO -   Train loss: 0.9921
2025-12-25 19:36:49,646 - INFO -   Validation loss: 3.6606
2025-12-25 19:36:49,647 - INFO -   BLEU: 0.0770
2025-12-25 19:36:49,647 - INFO -   METEOR: 0.2862
2025-12-25 19:36:49,647 - INFO -   ROUGE-1: 0.4419
2025-12-25 19:36:49,647 - INFO -   ROUGE-2: 0.1818
2025-12-25 19:36:49,647 - INFO -   ROUGE-L: 0.3770
2025-12-25 19:36:49,647 - INFO -   -> No improvement in BLEU for 2 epoch(s)
2025-12-25 19:38:21,109 - INFO - Epoch 30/100: Computing validation loss and metrics...
2025-12-25 19:57:24,883 - INFO - Using default tokenizer.
2025-12-25 19:57:25,478 - INFO - Epoch 30/100:
2025-12-25 19:57:25,479 - INFO -   Train loss: 0.9748
2025-12-25 19:57:25,479 - INFO -   Validation loss: 3.6775
2025-12-25 19:57:25,479 - INFO -   BLEU: 0.0775
2025-12-25 19:57:25,479 - INFO -   METEOR: 0.2857
2025-12-25 19:57:25,479 - INFO -   ROUGE-1: 0.4452
2025-12-25 19:57:25,480 - INFO -   ROUGE-2: 0.1845
2025-12-25 19:57:25,480 - INFO -   ROUGE-L: 0.3778
2025-12-25 19:57:25,480 - INFO -   -> No improvement in BLEU for 3 epoch(s)
2025-12-25 19:57:25,480 - INFO -   -> Learning rate reduced from 2.5e-05 to 1.25e-05 due to plateau
2025-12-25 19:58:56,983 - INFO - Epoch 31/100: Computing validation loss and metrics...
2025-12-25 20:18:16,094 - INFO - Using default tokenizer.
2025-12-25 20:18:16,693 - INFO - Epoch 31/100:
2025-12-25 20:18:16,694 - INFO -   Train loss: 0.9434
2025-12-25 20:18:16,694 - INFO -   Validation loss: 3.6841
2025-12-25 20:18:16,694 - INFO -   BLEU: 0.0750
2025-12-25 20:18:16,695 - INFO -   METEOR: 0.2802
2025-12-25 20:18:16,695 - INFO -   ROUGE-1: 0.4392
2025-12-25 20:18:16,695 - INFO -   ROUGE-2: 0.1770
2025-12-25 20:18:16,695 - INFO -   ROUGE-L: 0.3725
2025-12-25 20:18:16,695 - INFO -   -> No improvement in BLEU for 1 epoch(s)
2025-12-25 20:19:48,758 - INFO - Epoch 32/100: Computing validation loss and metrics...
2025-12-25 20:38:58,890 - INFO - Using default tokenizer.
2025-12-25 20:38:59,468 - INFO - Epoch 32/100:
2025-12-25 20:38:59,469 - INFO -   Train loss: 0.9312
2025-12-25 20:38:59,469 - INFO -   Validation loss: 3.7103
2025-12-25 20:38:59,469 - INFO -   BLEU: 0.0752
2025-12-25 20:38:59,469 - INFO -   METEOR: 0.2805
2025-12-25 20:38:59,470 - INFO -   ROUGE-1: 0.4373
2025-12-25 20:38:59,470 - INFO -   ROUGE-2: 0.1777
2025-12-25 20:38:59,470 - INFO -   ROUGE-L: 0.3695
2025-12-25 20:38:59,470 - INFO -   -> No improvement in BLEU for 2 epoch(s)
2025-12-25 20:40:31,100 - INFO - Epoch 33/100: Computing validation loss and metrics...
2025-12-25 20:59:54,787 - INFO - Using default tokenizer.
2025-12-25 20:59:55,372 - INFO - Epoch 33/100:
2025-12-25 20:59:55,373 - INFO -   Train loss: 0.9230
2025-12-25 20:59:55,373 - INFO -   Validation loss: 3.7190
2025-12-25 20:59:55,373 - INFO -   BLEU: 0.0758
2025-12-25 20:59:55,373 - INFO -   METEOR: 0.2830
2025-12-25 20:59:55,374 - INFO -   ROUGE-1: 0.4410
2025-12-25 20:59:55,374 - INFO -   ROUGE-2: 0.1794
2025-12-25 20:59:55,374 - INFO -   ROUGE-L: 0.3743
2025-12-25 20:59:55,374 - INFO -   -> No improvement in BLEU for 3 epoch(s)
2025-12-25 20:59:55,374 - INFO - Early stopping triggered after 3 epochs without BLEU improvement
2025-12-25 20:59:55,374 - INFO - ================================================================================
2025-12-25 20:59:55,374 - INFO - Loading best model (Epoch 24, BLEU: 0.0793, validation loss: 3.5570)
2025-12-25 20:59:57,254 - INFO - Computing test set loss and metrics...
2025-12-25 21:10:35,496 - INFO - Using default tokenizer.
2025-12-25 21:10:35,898 - INFO - ================================================================================
2025-12-25 21:10:35,898 - INFO - Test set results:
2025-12-25 21:10:35,898 - INFO -   Test loss: 4.4264
2025-12-25 21:10:35,899 - INFO -   BLEU: 0.0591
2025-12-25 21:10:35,899 - INFO -   METEOR: 0.2558
2025-12-25 21:10:35,899 - INFO -   ROUGE-1: 0.4154
2025-12-25 21:10:35,899 - INFO -   ROUGE-2: 0.1607
2025-12-25 21:10:35,899 - INFO -   ROUGE-L: 0.3422
2025-12-25 21:10:35,899 - INFO - ================================================================================
2025-12-25 21:10:36,527 - INFO - Training metrics plot saved to runs/20251225-101412-transformer-AdamW-lr0.0001-wd0.0001-bs128-epoch100-additive-layer6-emb512-hidden512-absolutePos-layernorm-teacher_forcing-beam/training_metrics.png
2025-12-25 21:10:36,527 - INFO - Training completed!
